Started GET "/" for ::1 at 2023-11-18 15:20:38 -0500
  [1m[35m (0.3ms)[0m  [1m[35mCREATE TABLE "schema_migrations" ("version" varchar NOT NULL PRIMARY KEY)[0m
  [1m[35m (0.1ms)[0m  [1m[35mCREATE TABLE "ar_internal_metadata" ("key" varchar NOT NULL PRIMARY KEY, "value" varchar, "created_at" datetime(6) NOT NULL, "updated_at" datetime(6) NOT NULL)[0m
  [1m[36mActiveRecord::SchemaMigration Load (0.1ms)[0m  [1m[34mSELECT "schema_migrations"."version" FROM "schema_migrations" ORDER BY "schema_migrations"."version" ASC[0m
Processing by Rails::WelcomeController#index as HTML
  Rendering /opt/homebrew/lib/ruby/gems/3.2.0/gems/railties-7.1.2/lib/rails/templates/rails/welcome/index.html.erb
  Rendered /opt/homebrew/lib/ruby/gems/3.2.0/gems/railties-7.1.2/lib/rails/templates/rails/welcome/index.html.erb (Duration: 0.5ms | Allocations: 375)
Completed 200 OK in 19ms (Views: 5.9ms | ActiveRecord: 0.0ms | Allocations: 7874)


Started GET "/" for ::1 at 2023-11-18 15:21:23 -0500
Processing by Rails::WelcomeController#index as HTML
  Rendering /opt/homebrew/lib/ruby/gems/3.2.0/gems/railties-7.1.2/lib/rails/templates/rails/welcome/index.html.erb
  Rendered /opt/homebrew/lib/ruby/gems/3.2.0/gems/railties-7.1.2/lib/rails/templates/rails/welcome/index.html.erb (Duration: 0.1ms | Allocations: 13)
Completed 200 OK in 1ms (Views: 0.5ms | ActiveRecord: 0.0ms | Allocations: 210)


Started GET "/" for ::1 at 2023-11-18 15:21:23 -0500
Processing by Rails::WelcomeController#index as HTML
  Rendering /opt/homebrew/lib/ruby/gems/3.2.0/gems/railties-7.1.2/lib/rails/templates/rails/welcome/index.html.erb
  Rendered /opt/homebrew/lib/ruby/gems/3.2.0/gems/railties-7.1.2/lib/rails/templates/rails/welcome/index.html.erb (Duration: 0.6ms | Allocations: 13)
Completed 200 OK in 1ms (Views: 0.9ms | ActiveRecord: 0.0ms | Allocations: 205)


Started GET "/articles" for ::1 at 2023-11-22 19:01:31 -0500
  [1m[36mActiveRecord::SchemaMigration Load (0.1ms)[0m  [1m[34mSELECT "schema_migrations"."version" FROM "schema_migrations" ORDER BY "schema_migrations"."version" ASC[0m
Processing by ArticlesController#index as HTML
  Rendering layout layouts/application.html.erb
  Rendering articles/index.html.erb within layouts/application
  Rendered articles/index.html.erb within layouts/application (Duration: 0.3ms | Allocations: 185)
Started GET "/articles" for ::1 at 2023-11-22 19:01:31 -0500
Processing by ArticlesController#index as HTML
  Rendering layout layouts/application.html.erb
  Rendering articles/index.html.erb within layouts/application
  Rendered articles/index.html.erb within layouts/application (Duration: 0.0ms | Allocations: 7)
  Rendered layout layouts/application.html.erb (Duration: 396.6ms | Allocations: 128732)
Completed 200 OK in 403ms (Views: 399.0ms | ActiveRecord: 0.0ms | Allocations: 132865)


  Rendered layout layouts/application.html.erb (Duration: 379.8ms | Allocations: 110443)
Completed 200 OK in 381ms (Views: 380.4ms | ActiveRecord: 0.0ms | Allocations: 111342)


Started GET "/" for ::1 at 2023-11-23 12:56:45 -0500
  [1m[36mActiveRecord::SchemaMigration Load (0.1ms)[0m  [1m[34mSELECT "schema_migrations"."version" FROM "schema_migrations" ORDER BY "schema_migrations"."version" ASC[0m
Processing by ArticlesController#index as HTML
  Rendering layout layouts/application.html.erb
  Rendering articles/index.html.erb within layouts/application
  Rendered articles/index.html.erb within layouts/application (Duration: 0.2ms | Allocations: 185)
  Rendered layout layouts/application.html.erb (Duration: 34.4ms | Allocations: 36407)
Completed 200 OK in 41ms (Views: 36.6ms | ActiveRecord: 0.0ms | Allocations: 40537)


  [1m[36mActiveRecord::InternalMetadata Load (0.2ms)[0m  [1m[34mSELECT * FROM "ar_internal_metadata" WHERE "ar_internal_metadata"."key" = ? ORDER BY "ar_internal_metadata"."key" ASC LIMIT 1[0m  [[nil, "environment"]]
  [1m[36mActiveRecord::InternalMetadata Create (0.3ms)[0m  [1m[32mINSERT INTO "ar_internal_metadata" ("key", "value", "created_at", "updated_at") VALUES ('environment', 'development', '2023-11-23 18:15:29.649050', '2023-11-23 18:15:29.649052') RETURNING "key"[0m
  [1m[36mActiveRecord::SchemaMigration Load (0.0ms)[0m  [1m[34mSELECT "schema_migrations"."version" FROM "schema_migrations" ORDER BY "schema_migrations"."version" ASC[0m
Migrating to CreateArticles (20231123180302)
  [1m[36mTRANSACTION (0.0ms)[0m  [1m[36mbegin transaction[0m
  [1m[35m (0.6ms)[0m  [1m[35mCREATE TABLE "articles" ("id" integer PRIMARY KEY AUTOINCREMENT NOT NULL, "title" varchar, "body" text, "created_at" datetime(6) NOT NULL, "updated_at" datetime(6) NOT NULL)[0m
  [1m[36mActiveRecord::SchemaMigration Create (0.0ms)[0m  [1m[32mINSERT INTO "schema_migrations" ("version") VALUES ('20231123180302') RETURNING "version"[0m
  [1m[36mTRANSACTION (0.1ms)[0m  [1m[36mcommit transaction[0m
  [1m[36mActiveRecord::SchemaMigration Load (0.0ms)[0m  [1m[34mSELECT "schema_migrations"."version" FROM "schema_migrations" ORDER BY "schema_migrations"."version" ASC[0m
  [1m[36mTRANSACTION (0.2ms)[0m  [1m[36mbegin transaction[0m
  [1m[36mArticle Create (1.2ms)[0m  [1m[32mINSERT INTO "articles" ("title", "body", "created_at", "updated_at") VALUES (?, ?, ?, ?) RETURNING "id"[0m  [["title", "Hello Rails"], ["body", "I am on Rails!"], ["created_at", "2023-11-23 18:17:06.385177"], ["updated_at", "2023-11-23 18:17:06.385177"]]
  [1m[36mTRANSACTION (0.2ms)[0m  [1m[36mcommit transaction[0m
  [1m[36mArticle Load (0.2ms)[0m  [1m[34mSELECT "articles".* FROM "articles" WHERE "articles"."id" = ? LIMIT ?[0m  [["id", 1], ["LIMIT", 1]]
  [1m[36mArticle Load (0.2ms)[0m  [1m[34mSELECT "articles".* FROM "articles" /* loading for pp */ LIMIT ?[0m  [["LIMIT", 11]]
Started GET "/" for ::1 at 2023-11-23 13:26:31 -0500
  [1m[36mActiveRecord::SchemaMigration Load (0.1ms)[0m  [1m[34mSELECT "schema_migrations"."version" FROM "schema_migrations" ORDER BY "schema_migrations"."version" ASC[0m
Processing by ArticlesController#index as HTML
  Rendering layout layouts/application.html.erb
  Rendering articles/index.html.erb within layouts/application
  [1m[36mArticle Load (0.0ms)[0m  [1m[34mSELECT "articles".* FROM "articles"[0m
  ↳ app/views/articles/index.html.erb:4
  Rendered articles/index.html.erb within layouts/application (Duration: 8.3ms | Allocations: 10014)
  Rendered layout layouts/application.html.erb (Duration: 40.9ms | Allocations: 47486)
Completed 200 OK in 57ms (Views: 42.5ms | ActiveRecord: 1.2ms | Allocations: 57341)


  [1m[36mArticle Load (0.3ms)[0m  [1m[34mSELECT "articles".* FROM "articles" /* loading for pp */ LIMIT ?[0m  [["LIMIT", 11]]
